<?xml version="1.0" encoding="UTF-8"?>
<!-- Generated by org.testng.reporters.JUnitReportReporter -->
<testsuite hostname="DESKTOP-1MCQBMQ" name="org.project4.Form" tests="1" failures="0" timestamp="21 Dec 2023 11:46:28 GMT" time="8.756" errors="0">
  <testcase name="tc02" time="8.756" classname="org.project4.Form"/>
</testsuite> <!-- org.project4.Form -->
